<?xml version="1.0" encoding="UTF-8"?>
<!-- Generated by org.testng.reporters.JUnitReportReporter -->
<testsuite hostname="DESKTOP-OANRPD5" failures="0" tests="2" name="Testngpractice.LoginTestDemo" time="0.004" errors="0" timestamp="2024-02-04T15:23:46 IST" skipped="0">
  <testcase classname="Testngpractice.LoginTestDemo" name="btest2" time="0.002"/>
  <system-out/>
  <testcase classname="Testngpractice.LoginTestDemo" name="atest1" time="0.002"/>
  <system-out/>
</testsuite> <!-- Testngpractice.LoginTestDemo -->
