<?xml version="1.0" encoding="UTF-8"?>
<!-- Generated by org.testng.reporters.JUnitReportReporter -->
<testsuite hostname="DESKTOP-OANRPD5" failures="0" tests="3" name="Testngpractice.GroupTestDemo2" time="0.006" errors="0" timestamp="2024-02-03T07:43:35 IST" skipped="0">
  <testcase classname="Testngpractice.GroupTestDemo2" name="atest1" time="0.004"/>
  <system-out/>
  <testcase classname="Testngpractice.GroupTestDemo2" name="btest3" time="0.001"/>
  <system-out/>
  <testcase classname="Testngpractice.GroupTestDemo2" name="btest2" time="0.001"/>
  <system-out/>
</testsuite> <!-- Testngpractice.GroupTestDemo2 -->
