<?xml version="1.0" encoding="UTF-8"?>
<!-- Generated by org.testng.reporters.JUnitReportReporter -->
<testsuite hostname="DESKTOP-OANRPD5" failures="0" tests="4" name="Testngpractice.GroupTestDemo3" time="0.005" errors="0" timestamp="2024-02-04T15:23:46 IST" skipped="0">
  <testcase classname="Testngpractice.GroupTestDemo3" name="btest3" time="0.001"/>
  <system-out/>
  <testcase classname="Testngpractice.GroupTestDemo3" name="btest2" time="0.001"/>
  <system-out/>
  <testcase classname="Testngpractice.GroupTestDemo3" name="atest1" time="0.002"/>
  <system-out/>
  <testcase classname="Testngpractice.GroupTestDemo3" name="btest4" time="0.001"/>
  <system-out/>
</testsuite> <!-- Testngpractice.GroupTestDemo3 -->
