<?xml version="1.0" encoding="UTF-8"?>
<!-- Generated by org.testng.reporters.JUnitReportReporter -->
<testsuite hostname="DESKTOP-OANRPD5" failures="0" tests="1" name="Testngpractice.AssertDemoVerifyTitle" time="5.607" errors="0" timestamp="2024-06-11T19:59:46 IST" skipped="0">
  <testcase classname="Testngpractice.AssertDemoVerifyTitle" name="verifytitle" time="5.607"/>
  <system-out/>
</testsuite> <!-- Testngpractice.AssertDemoVerifyTitle -->
