<?xml version="1.0" encoding="UTF-8"?>
<!-- Generated by org.testng.reporters.JUnitReportReporter -->
<testsuite hostname="DESKTOP-OANRPD5" failures="0" tests="12" name="Testngpractice.DataProviderTestDemo" time="0.025" errors="0" timestamp="2024-02-06T07:45:00 IST" skipped="0">
  <testcase classname="Testngpractice.DataProviderTestDemo" name="test2" time="0.001"/>
  <system-out/>
  <testcase classname="Testngpractice.DataProviderTestDemo" name="test2" time="0.001"/>
  <system-out/>
  <testcase classname="Testngpractice.DataProviderTestDemo" name="test" time="0.002"/>
  <system-out/>
  <testcase classname="Testngpractice.DataProviderTestDemo" name="test1" time="0.002"/>
  <system-out/>
  <testcase classname="Testngpractice.DataProviderTestDemo" name="test" time="0.002"/>
  <system-out/>
  <testcase classname="Testngpractice.DataProviderTestDemo" name="test1" time="0.001"/>
  <system-out/>
  <testcase classname="Testngpractice.DataProviderTestDemo" name="test1" time="0.002"/>
  <system-out/>
  <testcase classname="Testngpractice.DataProviderTestDemo" name="test2" time="0.002"/>
  <system-out/>
  <testcase classname="Testngpractice.DataProviderTestDemo" name="test" time="0.005"/>
  <system-out/>
  <testcase classname="Testngpractice.DataProviderTestDemo" name="test" time="0.002"/>
  <system-out/>
  <testcase classname="Testngpractice.DataProviderTestDemo" name="test2" time="0.002"/>
  <system-out/>
  <testcase classname="Testngpractice.DataProviderTestDemo" name="test1" time="0.003"/>
  <system-out/>
</testsuite> <!-- Testngpractice.DataProviderTestDemo -->
