<?xml version="1.0" encoding="UTF-8"?>
<!-- Generated by org.testng.reporters.JUnitReportReporter -->
<testsuite hostname="DESKTOP-OANRPD5" failures="0" tests="6" name="Testngpractice.DataProviderLoginDemo" time="54.270" errors="0" timestamp="2024-02-05T09:10:28 IST" skipped="0">
  <testcase classname="Testngpractice.DataProviderLoginDemo" name="test" time="9.325"/>
  <system-out/>
  <testcase classname="Testngpractice.DataProviderLoginDemo" name="test" time="7.894"/>
  <system-out/>
  <testcase classname="Testngpractice.DataProviderLoginDemo" name="test" time="13.095"/>
  <system-out/>
  <testcase classname="Testngpractice.DataProviderLoginDemo" name="test" time="8.017"/>
  <system-out/>
  <testcase classname="Testngpractice.DataProviderLoginDemo" name="test" time="8.033"/>
  <system-out/>
  <testcase classname="Testngpractice.DataProviderLoginDemo" name="test" time="7.906"/>
  <system-out/>
</testsuite> <!-- Testngpractice.DataProviderLoginDemo -->
