<?xml version="1.0" encoding="UTF-8"?>
<!-- Generated by org.testng.reporters.JUnitReportReporter -->
<testsuite hostname="DESKTOP-OANRPD5" failures="0" tests="8" name="Testngpractice.DataProviderDemo" time="0.016" errors="0" timestamp="2024-02-05T08:45:51 IST" skipped="0">
  <testcase classname="Testngpractice.DataProviderDemo" name="test1" time="0.001"/>
  <system-out/>
  <testcase classname="Testngpractice.DataProviderDemo" name="test1" time="0.001"/>
  <system-out/>
  <testcase classname="Testngpractice.DataProviderDemo" name="test1" time="0.002"/>
  <system-out/>
  <testcase classname="Testngpractice.DataProviderDemo" name="test" time="0.001"/>
  <system-out/>
  <testcase classname="Testngpractice.DataProviderDemo" name="test" time="0.007"/>
  <system-out/>
  <testcase classname="Testngpractice.DataProviderDemo" name="test1" time="0.001"/>
  <system-out/>
  <testcase classname="Testngpractice.DataProviderDemo" name="test" time="0.001"/>
  <system-out/>
  <testcase classname="Testngpractice.DataProviderDemo" name="test" time="0.002"/>
  <system-out/>
</testsuite> <!-- Testngpractice.DataProviderDemo -->
