<?xml version="1.0" encoding="UTF-8"?>
<!-- Generated by org.testng.reporters.JUnitReportReporter -->
<testsuite hostname="DESKTOP-OANRPD5" failures="0" tests="1" name="Testngpractice.LoginTest" time="4.328" errors="0" timestamp="2024-02-06T08:18:56 IST" skipped="0">
  <testcase classname="Testngpractice.LoginTest" name="lunchApplication" time="4.328"/>
  <system-out/>
</testsuite> <!-- Testngpractice.LoginTest -->
