<?xml version="1.0" encoding="UTF-8"?>
<!-- Generated by org.testng.reporters.JUnitReportReporter -->
<testsuite hostname="DESKTOP-OANRPD5" failures="0" tests="3" name="Testngpractice.SkipTestCasesDemo" time="0.008" errors="0" timestamp="2024-02-03T07:17:49 IST" skipped="3">
  <testcase classname="Testngpractice.SkipTestCasesDemo" name="skiptest2" time="0.001">
    <skipped/>
  </testcase> <!-- skiptest2 -->
  <system-out/>
  <testcase classname="Testngpractice.SkipTestCasesDemo" name="skiptest1" time="0.007">
    <skipped/>
  </testcase> <!-- skiptest1 -->
  <system-out/>
  <testcase classname="Testngpractice.SkipTestCasesDemo" name="skiptest3">
    <skipped/>
  </testcase> <!-- skiptest3 -->
  <system-out/>
</testsuite> <!-- Testngpractice.SkipTestCasesDemo -->
